<?xml version="1.0" encoding="UTF-8"?>
<!-- Generated by org.testng.reporters.JUnitXMLReporter -->
<testsuite ignored="0" hostname="Dorhas-MacBook-Pro.local" failures="0" tests="3" name="Surefire test" time="25.559" errors="0" timestamp="2026-01-27T18:28:39 EET">
  <testcase classname="tests.CreateCustomerTest" name="automationTest" time="2.328"/>
  <testcase classname="tests.CreateCustomersTest" name="automationTest" time="1.777"/>
  <testcase classname="tests.CreateCustomerAccountsTest" name="automationTest" time="2.995"/>
</testsuite> <!-- Surefire test -->
