<?xml version="1.0" encoding="UTF-8"?>
<!-- Generated by org.testng.reporters.JUnitXMLReporter -->
<testsuite ignored="0" hostname="Dorhas-MacBook-Pro.local" failures="1" tests="3" name="Surefire test" time="10.38" errors="0" timestamp="2026-01-15T20:38:29 EET">
  <testcase classname="tests.CreateCustomerTest" name="automationTest" time="1.544"/>
  <testcase classname="tests.CreateCustomersTest" name="automationTest" time="0.002">
    <failure type="java.lang.RuntimeException" message="java.io.FileNotFoundException: CustomersData.json (No such file or directory)">
      <![CDATA[java.lang.RuntimeException: java.io.FileNotFoundException: CustomersData.json (No such file or directory)
at models.CustomerModel.loadFromJson(CustomerModel.java:28)
at models.CustomerModel.<init>(CustomerModel.java:19)
at tests.CreateCustomersTest.automationTest(CreateCustomersTest.java:16)
at java.base/java.util.ArrayList.forEach(ArrayList.java:1604)
Caused by: java.io.FileNotFoundException: CustomersData.json (No such file or directory)
at java.base/java.io.FileInputStream.open0(Native Method)
at java.base/java.io.FileInputStream.open(FileInputStream.java:185)
at java.base/java.io.FileInputStream.<init>(FileInputStream.java:139)
at com.fasterxml.jackson.core.TokenStreamFactory._fileInputStream(TokenStreamFactory.java:328)
at com.fasterxml.jackson.core.JsonFactory.createParser(JsonFactory.java:1238)
at com.fasterxml.jackson.databind.ObjectReader.createParser(ObjectReader.java:1096)
at com.fasterxml.jackson.databind.ObjectReader.readValue(ObjectReader.java:1676)
at models.CustomerModel.loadFromJson(CustomerModel.java:26)
... 33 more
... Removed 30 stack frames]]>
    </failure>
  </testcase> <!-- automationTest -->
  <testcase classname="tests.CreateCustomerAccountsTest" name="automationTest" time="2.048"/>
</testsuite> <!-- Surefire test -->
