<?xml version="1.0" encoding="UTF-8"?>
<testng-results ignored="0" total="3" passed="3" failed="0" skipped="0">
  <reporter-output>
  </reporter-output>
  <suite started-at="2026-01-27T18:28:14 EET" name="Surefire suite" finished-at="2026-01-27T18:28:39 EET" duration-ms="25559">
    <groups>
    </groups>
    <test started-at="2026-01-27T18:28:14 EET" name="Surefire test" finished-at="2026-01-27T18:28:39 EET" duration-ms="25559">
      <class name="tests.CreateCustomersTest">
        <test-method is-config="true" signature="prepareEnvironment()[pri:0, instance:tests.CreateCustomersTest@105fece7]" started-at="2026-01-27T18:28:28 EET" name="prepareEnvironment" finished-at="2026-01-27T18:28:31 EET" duration-ms="2784" status="PASS">
          <reporter-output>
          </reporter-output>
        </test-method> <!-- prepareEnvironment -->
        <test-method signature="automationTest()[pri:0, instance:tests.CreateCustomersTest@105fece7]" started-at="2026-01-27T18:28:31 EET" name="automationTest" finished-at="2026-01-27T18:28:33 EET" duration-ms="1777" status="PASS">
          <reporter-output>
          </reporter-output>
        </test-method> <!-- automationTest -->
        <test-method is-config="true" signature="clearEnvironment()[pri:0, instance:tests.CreateCustomersTest@105fece7]" started-at="2026-01-27T18:28:33 EET" name="clearEnvironment" finished-at="2026-01-27T18:28:33 EET" duration-ms="86" status="PASS">
          <reporter-output>
          </reporter-output>
        </test-method> <!-- clearEnvironment -->
      </class> <!-- tests.CreateCustomersTest -->
      <class name="tests.CreateCustomerTest">
        <test-method is-config="true" signature="prepareEnvironment()[pri:0, instance:tests.CreateCustomerTest@62e136d3]" started-at="2026-01-27T18:28:14 EET" name="prepareEnvironment" finished-at="2026-01-27T18:28:26 EET" duration-ms="12102" status="PASS">
          <reporter-output>
          </reporter-output>
        </test-method> <!-- prepareEnvironment -->
        <test-method signature="automationTest()[pri:0, instance:tests.CreateCustomerTest@62e136d3]" started-at="2026-01-27T18:28:26 EET" name="automationTest" finished-at="2026-01-27T18:28:28 EET" duration-ms="2328" status="PASS">
          <reporter-output>
          </reporter-output>
        </test-method> <!-- automationTest -->
        <test-method is-config="true" signature="clearEnvironment()[pri:0, instance:tests.CreateCustomerTest@62e136d3]" started-at="2026-01-27T18:28:28 EET" name="clearEnvironment" finished-at="2026-01-27T18:28:28 EET" duration-ms="89" status="PASS">
          <reporter-output>
          </reporter-output>
        </test-method> <!-- clearEnvironment -->
      </class> <!-- tests.CreateCustomerTest -->
      <class name="tests.CreateCustomerAccountsTest">
        <test-method is-config="true" signature="prepareEnvironment()[pri:0, instance:tests.CreateCustomerAccountsTest@3ec300f1]" started-at="2026-01-27T18:28:33 EET" name="prepareEnvironment" finished-at="2026-01-27T18:28:36 EET" duration-ms="3296" status="PASS">
          <reporter-output>
          </reporter-output>
        </test-method> <!-- prepareEnvironment -->
        <test-method signature="automationTest()[pri:0, instance:tests.CreateCustomerAccountsTest@3ec300f1]" started-at="2026-01-27T18:28:36 EET" name="automationTest" finished-at="2026-01-27T18:28:39 EET" duration-ms="2995" status="PASS">
          <reporter-output>
          </reporter-output>
        </test-method> <!-- automationTest -->
        <test-method is-config="true" signature="clearEnvironment()[pri:0, instance:tests.CreateCustomerAccountsTest@3ec300f1]" started-at="2026-01-27T18:28:39 EET" name="clearEnvironment" finished-at="2026-01-27T18:28:39 EET" duration-ms="92" status="PASS">
          <reporter-output>
          </reporter-output>
        </test-method> <!-- clearEnvironment -->
      </class> <!-- tests.CreateCustomerAccountsTest -->
    </test> <!-- Surefire test -->
  </suite> <!-- Surefire suite -->
</testng-results>
