<?xml version="1.0" encoding="UTF-8"?>
<testsuite xmlns:xsi="http://www.w3.org/2001/XMLSchema-instance" xsi:noNamespaceSchemaLocation="https://maven.apache.org/surefire/maven-surefire-plugin/xsd/surefire-test-report-3.0.xsd" version="3.0" name="TestSuite" time="10.52" tests="3" errors="0" skipped="0" failures="1">
  <properties>
    <property name="java.specification.version" value="25"/>
    <property name="sun.jnu.encoding" value="UTF-8"/>
    <property name="java.class.path" value="/Users/dorhaalex/Automation/Java/XYZBank/target/test-classes:/Users/dorhaalex/Automation/Java/XYZBank/target/classes:/Users/dorhaalex/.m2/repository/org/seleniumhq/selenium/selenium-java/4.39.0/selenium-java-4.39.0.jar:/Users/dorhaalex/.m2/repository/org/seleniumhq/selenium/selenium-api/4.39.0/selenium-api-4.39.0.jar:/Users/dorhaalex/.m2/repository/org/jspecify/jspecify/1.0.0/jspecify-1.0.0.jar:/Users/dorhaalex/.m2/repository/org/seleniumhq/selenium/selenium-chrome-driver/4.39.0/selenium-chrome-driver-4.39.0.jar:/Users/dorhaalex/.m2/repository/com/google/auto/service/auto-service-annotations/1.1.1/auto-service-annotations-1.1.1.jar:/Users/dorhaalex/.m2/repository/org/seleniumhq/selenium/selenium-chromium-driver/4.39.0/selenium-chromium-driver-4.39.0.jar:/Users/dorhaalex/.m2/repository/org/seleniumhq/selenium/selenium-json/4.39.0/selenium-json-4.39.0.jar:/Users/dorhaalex/.m2/repository/org/seleniumhq/selenium/selenium-manager/4.39.0/selenium-manager-4.39.0.jar:/Users/dorhaalex/.m2/repository/org/seleniumhq/selenium/selenium-devtools-v141/4.39.0/selenium-devtools-v141-4.39.0.jar:/Users/dorhaalex/.m2/repository/org/seleniumhq/selenium/selenium-devtools-v142/4.39.0/selenium-devtools-v142-4.39.0.jar:/Users/dorhaalex/.m2/repository/org/seleniumhq/selenium/selenium-devtools-v143/4.39.0/selenium-devtools-v143-4.39.0.jar:/Users/dorhaalex/.m2/repository/org/seleniumhq/selenium/selenium-edge-driver/4.39.0/selenium-edge-driver-4.39.0.jar:/Users/dorhaalex/.m2/repository/org/seleniumhq/selenium/selenium-firefox-driver/4.39.0/selenium-firefox-driver-4.39.0.jar:/Users/dorhaalex/.m2/repository/org/seleniumhq/selenium/selenium-http/4.39.0/selenium-http-4.39.0.jar:/Users/dorhaalex/.m2/repository/org/seleniumhq/selenium/selenium-ie-driver/4.39.0/selenium-ie-driver-4.39.0.jar:/Users/dorhaalex/.m2/repository/org/seleniumhq/selenium/selenium-remote-driver/4.39.0/selenium-remote-driver-4.39.0.jar:/Users/dorhaalex/.m2/repository/com/google/guava/guava/33.5.0-jre/guava-33.5.0-jre.jar:/Users/dorhaalex/.m2/repository/com/google/guava/failureaccess/1.0.3/failureaccess-1.0.3.jar:/Users/dorhaalex/.m2/repository/com/google/guava/listenablefuture/9999.0-empty-to-avoid-conflict-with-guava/listenablefuture-9999.0-empty-to-avoid-conflict-with-guava.jar:/Users/dorhaalex/.m2/repository/com/google/errorprone/error_prone_annotations/2.41.0/error_prone_annotations-2.41.0.jar:/Users/dorhaalex/.m2/repository/com/google/j2objc/j2objc-annotations/3.1/j2objc-annotations-3.1.jar:/Users/dorhaalex/.m2/repository/io/opentelemetry/opentelemetry-api/1.56.0/opentelemetry-api-1.56.0.jar:/Users/dorhaalex/.m2/repository/io/opentelemetry/opentelemetry-context/1.56.0/opentelemetry-context-1.56.0.jar:/Users/dorhaalex/.m2/repository/io/opentelemetry/opentelemetry-common/1.56.0/opentelemetry-common-1.56.0.jar:/Users/dorhaalex/.m2/repository/io/opentelemetry/opentelemetry-exporter-logging/1.56.0/opentelemetry-exporter-logging-1.56.0.jar:/Users/dorhaalex/.m2/repository/io/opentelemetry/opentelemetry-sdk-common/1.56.0/opentelemetry-sdk-common-1.56.0.jar:/Users/dorhaalex/.m2/repository/io/opentelemetry/opentelemetry-sdk-extension-autoconfigure-spi/1.56.0/opentelemetry-sdk-extension-autoconfigure-spi-1.56.0.jar:/Users/dorhaalex/.m2/repository/io/opentelemetry/opentelemetry-sdk-extension-autoconfigure/1.56.0/opentelemetry-sdk-extension-autoconfigure-1.56.0.jar:/Users/dorhaalex/.m2/repository/io/opentelemetry/opentelemetry-sdk-trace/1.56.0/opentelemetry-sdk-trace-1.56.0.jar:/Users/dorhaalex/.m2/repository/io/opentelemetry/opentelemetry-sdk/1.56.0/opentelemetry-sdk-1.56.0.jar:/Users/dorhaalex/.m2/repository/io/opentelemetry/opentelemetry-sdk-metrics/1.56.0/opentelemetry-sdk-metrics-1.56.0.jar:/Users/dorhaalex/.m2/repository/io/opentelemetry/opentelemetry-sdk-logs/1.56.0/opentelemetry-sdk-logs-1.56.0.jar:/Users/dorhaalex/.m2/repository/net/bytebuddy/byte-buddy/1.18.2/byte-buddy-1.18.2.jar:/Users/dorhaalex/.m2/repository/org/seleniumhq/selenium/selenium-os/4.39.0/selenium-os-4.39.0.jar:/Users/dorhaalex/.m2/repository/org/apache/commons/commons-exec/1.6.0/commons-exec-1.6.0.jar:/Users/dorhaalex/.m2/repository/org/seleniumhq/selenium/selenium-safari-driver/4.39.0/selenium-safari-driver-4.39.0.jar:/Users/dorhaalex/.m2/repository/org/seleniumhq/selenium/selenium-support/4.39.0/selenium-support-4.39.0.jar:/Users/dorhaalex/.m2/repository/org/testng/testng/7.11.0/testng-7.11.0.jar:/Users/dorhaalex/.m2/repository/org/slf4j/slf4j-api/2.0.16/slf4j-api-2.0.16.jar:/Users/dorhaalex/.m2/repository/org/jcommander/jcommander/1.83/jcommander-1.83.jar:/Users/dorhaalex/.m2/repository/org/webjars/jquery/3.7.1/jquery-3.7.1.jar:/Users/dorhaalex/.m2/repository/com/fasterxml/jackson/core/jackson-databind/2.20.1/jackson-databind-2.20.1.jar:/Users/dorhaalex/.m2/repository/com/fasterxml/jackson/core/jackson-annotations/2.20/jackson-annotations-2.20.jar:/Users/dorhaalex/.m2/repository/com/fasterxml/jackson/core/jackson-core/2.20.1/jackson-core-2.20.1.jar:/Users/dorhaalex/.m2/repository/org/apache/logging/log4j/log4j-core/2.25.3/log4j-core-2.25.3.jar:/Users/dorhaalex/.m2/repository/org/apache/logging/log4j/log4j-api/2.25.3/log4j-api-2.25.3.jar:"/>
    <property name="java.vm.vendor" value="Homebrew"/>
    <property name="sun.arch.data.model" value="64"/>
    <property name="java.vendor.url" value="https://github.com/Homebrew/homebrew-core/issues"/>
    <property name="user.timezone" value="Europe/Bucharest"/>
    <property name="os.name" value="Mac OS X"/>
    <property name="java.vm.specification.version" value="25"/>
    <property name="sun.java.launcher" value="SUN_STANDARD"/>
    <property name="user.country" value="US"/>
    <property name="sun.boot.library.path" value="/opt/homebrew/Cellar/openjdk/25.0.1/libexec/openjdk.jdk/Contents/Home/lib"/>
    <property name="sun.java.command" value="/Users/dorhaalex/Automation/Java/XYZBank/target/surefire/surefirebooter-20260115203819354_3.jar /Users/dorhaalex/Automation/Java/XYZBank/target/surefire 2026-01-15T20-38-19_314-jvmRun1 surefire-20260115203819354_1tmp surefire_0-20260115203819354_2tmp"/>
    <property name="http.nonProxyHosts" value="local|*.local|169.254/16|*.169.254/16"/>
    <property name="jdk.debug" value="release"/>
    <property name="surefire.test.class.path" value="/Users/dorhaalex/Automation/Java/XYZBank/target/test-classes:/Users/dorhaalex/Automation/Java/XYZBank/target/classes:/Users/dorhaalex/.m2/repository/org/seleniumhq/selenium/selenium-java/4.39.0/selenium-java-4.39.0.jar:/Users/dorhaalex/.m2/repository/org/seleniumhq/selenium/selenium-api/4.39.0/selenium-api-4.39.0.jar:/Users/dorhaalex/.m2/repository/org/jspecify/jspecify/1.0.0/jspecify-1.0.0.jar:/Users/dorhaalex/.m2/repository/org/seleniumhq/selenium/selenium-chrome-driver/4.39.0/selenium-chrome-driver-4.39.0.jar:/Users/dorhaalex/.m2/repository/com/google/auto/service/auto-service-annotations/1.1.1/auto-service-annotations-1.1.1.jar:/Users/dorhaalex/.m2/repository/org/seleniumhq/selenium/selenium-chromium-driver/4.39.0/selenium-chromium-driver-4.39.0.jar:/Users/dorhaalex/.m2/repository/org/seleniumhq/selenium/selenium-json/4.39.0/selenium-json-4.39.0.jar:/Users/dorhaalex/.m2/repository/org/seleniumhq/selenium/selenium-manager/4.39.0/selenium-manager-4.39.0.jar:/Users/dorhaalex/.m2/repository/org/seleniumhq/selenium/selenium-devtools-v141/4.39.0/selenium-devtools-v141-4.39.0.jar:/Users/dorhaalex/.m2/repository/org/seleniumhq/selenium/selenium-devtools-v142/4.39.0/selenium-devtools-v142-4.39.0.jar:/Users/dorhaalex/.m2/repository/org/seleniumhq/selenium/selenium-devtools-v143/4.39.0/selenium-devtools-v143-4.39.0.jar:/Users/dorhaalex/.m2/repository/org/seleniumhq/selenium/selenium-edge-driver/4.39.0/selenium-edge-driver-4.39.0.jar:/Users/dorhaalex/.m2/repository/org/seleniumhq/selenium/selenium-firefox-driver/4.39.0/selenium-firefox-driver-4.39.0.jar:/Users/dorhaalex/.m2/repository/org/seleniumhq/selenium/selenium-http/4.39.0/selenium-http-4.39.0.jar:/Users/dorhaalex/.m2/repository/org/seleniumhq/selenium/selenium-ie-driver/4.39.0/selenium-ie-driver-4.39.0.jar:/Users/dorhaalex/.m2/repository/org/seleniumhq/selenium/selenium-remote-driver/4.39.0/selenium-remote-driver-4.39.0.jar:/Users/dorhaalex/.m2/repository/com/google/guava/guava/33.5.0-jre/guava-33.5.0-jre.jar:/Users/dorhaalex/.m2/repository/com/google/guava/failureaccess/1.0.3/failureaccess-1.0.3.jar:/Users/dorhaalex/.m2/repository/com/google/guava/listenablefuture/9999.0-empty-to-avoid-conflict-with-guava/listenablefuture-9999.0-empty-to-avoid-conflict-with-guava.jar:/Users/dorhaalex/.m2/repository/com/google/errorprone/error_prone_annotations/2.41.0/error_prone_annotations-2.41.0.jar:/Users/dorhaalex/.m2/repository/com/google/j2objc/j2objc-annotations/3.1/j2objc-annotations-3.1.jar:/Users/dorhaalex/.m2/repository/io/opentelemetry/opentelemetry-api/1.56.0/opentelemetry-api-1.56.0.jar:/Users/dorhaalex/.m2/repository/io/opentelemetry/opentelemetry-context/1.56.0/opentelemetry-context-1.56.0.jar:/Users/dorhaalex/.m2/repository/io/opentelemetry/opentelemetry-common/1.56.0/opentelemetry-common-1.56.0.jar:/Users/dorhaalex/.m2/repository/io/opentelemetry/opentelemetry-exporter-logging/1.56.0/opentelemetry-exporter-logging-1.56.0.jar:/Users/dorhaalex/.m2/repository/io/opentelemetry/opentelemetry-sdk-common/1.56.0/opentelemetry-sdk-common-1.56.0.jar:/Users/dorhaalex/.m2/repository/io/opentelemetry/opentelemetry-sdk-extension-autoconfigure-spi/1.56.0/opentelemetry-sdk-extension-autoconfigure-spi-1.56.0.jar:/Users/dorhaalex/.m2/repository/io/opentelemetry/opentelemetry-sdk-extension-autoconfigure/1.56.0/opentelemetry-sdk-extension-autoconfigure-1.56.0.jar:/Users/dorhaalex/.m2/repository/io/opentelemetry/opentelemetry-sdk-trace/1.56.0/opentelemetry-sdk-trace-1.56.0.jar:/Users/dorhaalex/.m2/repository/io/opentelemetry/opentelemetry-sdk/1.56.0/opentelemetry-sdk-1.56.0.jar:/Users/dorhaalex/.m2/repository/io/opentelemetry/opentelemetry-sdk-metrics/1.56.0/opentelemetry-sdk-metrics-1.56.0.jar:/Users/dorhaalex/.m2/repository/io/opentelemetry/opentelemetry-sdk-logs/1.56.0/opentelemetry-sdk-logs-1.56.0.jar:/Users/dorhaalex/.m2/repository/net/bytebuddy/byte-buddy/1.18.2/byte-buddy-1.18.2.jar:/Users/dorhaalex/.m2/repository/org/seleniumhq/selenium/selenium-os/4.39.0/selenium-os-4.39.0.jar:/Users/dorhaalex/.m2/repository/org/apache/commons/commons-exec/1.6.0/commons-exec-1.6.0.jar:/Users/dorhaalex/.m2/repository/org/seleniumhq/selenium/selenium-safari-driver/4.39.0/selenium-safari-driver-4.39.0.jar:/Users/dorhaalex/.m2/repository/org/seleniumhq/selenium/selenium-support/4.39.0/selenium-support-4.39.0.jar:/Users/dorhaalex/.m2/repository/org/testng/testng/7.11.0/testng-7.11.0.jar:/Users/dorhaalex/.m2/repository/org/slf4j/slf4j-api/2.0.16/slf4j-api-2.0.16.jar:/Users/dorhaalex/.m2/repository/org/jcommander/jcommander/1.83/jcommander-1.83.jar:/Users/dorhaalex/.m2/repository/org/webjars/jquery/3.7.1/jquery-3.7.1.jar:/Users/dorhaalex/.m2/repository/com/fasterxml/jackson/core/jackson-databind/2.20.1/jackson-databind-2.20.1.jar:/Users/dorhaalex/.m2/repository/com/fasterxml/jackson/core/jackson-annotations/2.20/jackson-annotations-2.20.jar:/Users/dorhaalex/.m2/repository/com/fasterxml/jackson/core/jackson-core/2.20.1/jackson-core-2.20.1.jar:/Users/dorhaalex/.m2/repository/org/apache/logging/log4j/log4j-core/2.25.3/log4j-core-2.25.3.jar:/Users/dorhaalex/.m2/repository/org/apache/logging/log4j/log4j-api/2.25.3/log4j-api-2.25.3.jar:"/>
    <property name="sun.cpu.endian" value="little"/>
    <property name="user.home" value="/Users/dorhaalex"/>
    <property name="user.language" value="en"/>
    <property name="java.specification.vendor" value="Oracle Corporation"/>
    <property name="java.version.date" value="2025-10-21"/>
    <property name="java.home" value="/opt/homebrew/Cellar/openjdk/25.0.1/libexec/openjdk.jdk/Contents/Home"/>
    <property name="file.separator" value="/"/>
    <property name="basedir" value="/Users/dorhaalex/Automation/Java/XYZBank"/>
    <property name="java.vm.compressedOopsMode" value="Non-zero based"/>
    <property name="line.separator" value="&#10;"/>
    <property name="java.vm.specification.vendor" value="Oracle Corporation"/>
    <property name="java.specification.name" value="Java Platform API Specification"/>
    <property name="apple.awt.application.name" value="ForkedBooter"/>
    <property name="surefire.real.class.path" value="/Users/dorhaalex/Automation/Java/XYZBank/target/surefire/surefirebooter-20260115203819354_3.jar"/>
    <property name="sun.management.compiler" value="HotSpot 64-Bit Tiered Compilers"/>
    <property name="ftp.nonProxyHosts" value="local|*.local|169.254/16|*.169.254/16"/>
    <property name="java.runtime.version" value="25.0.1"/>
    <property name="user.name" value="dorhaalex"/>
    <property name="stdout.encoding" value="UTF-8"/>
    <property name="path.separator" value=":"/>
    <property name="os.version" value="26.2"/>
    <property name="java.runtime.name" value="OpenJDK Runtime Environment"/>
    <property name="file.encoding" value="UTF-8"/>
    <property name="java.vm.name" value="OpenJDK 64-Bit Server VM"/>
    <property name="java.vendor.version" value="Homebrew"/>
    <property name="localRepository" value="/Users/dorhaalex/.m2/repository"/>
    <property name="java.vendor.url.bug" value="https://github.com/Homebrew/homebrew-core/issues"/>
    <property name="java.io.tmpdir" value="/var/folders/9y/6m7vhht15yd857wj46yf105c0000gn/T/"/>
    <property name="java.version" value="25.0.1"/>
    <property name="user.dir" value="/Users/dorhaalex/Automation/Java/XYZBank"/>
    <property name="os.arch" value="aarch64"/>
    <property name="java.vm.specification.name" value="Java Virtual Machine Specification"/>
    <property name="native.encoding" value="UTF-8"/>
    <property name="java.library.path" value="/Users/dorhaalex/Library/Java/Extensions:/Library/Java/Extensions:/Network/Library/Java/Extensions:/System/Library/Java/Extensions:/usr/lib/java:."/>
    <property name="java.vm.info" value="mixed mode, sharing"/>
    <property name="stderr.encoding" value="UTF-8"/>
    <property name="java.vendor" value="Homebrew"/>
    <property name="java.vm.version" value="25.0.1"/>
    <property name="stdin.encoding" value="UTF-8"/>
    <property name="sun.io.unicode.encoding" value="UnicodeBig"/>
    <property name="socksNonProxyHosts" value="local|*.local|169.254/16|*.169.254/16"/>
    <property name="java.class.version" value="69.0"/>
  </properties>
  <testcase name="automationTest" classname="tests.CreateCustomerTest" time="1.545">
    <system-out><![CDATA[Customer added successfully with customer id :6
Account created successfully with account Number :1016
1016
]]></system-out>
    <system-err><![CDATA[SLF4J(W): No SLF4J providers were found.
SLF4J(W): Defaulting to no-operation (NOP) logger implementation
SLF4J(W): See https://www.slf4j.org/codes.html#noProviders for further details.
]]></system-err>
  </testcase>
  <testcase name="automationTest" classname="tests.CreateCustomersTest" time="0.004">
    <failure message="java.io.FileNotFoundException: CustomersData.json (No such file or directory)" type="java.lang.RuntimeException"><![CDATA[java.lang.RuntimeException: java.io.FileNotFoundException: CustomersData.json (No such file or directory)
	at models.CustomerModel.loadFromJson(CustomerModel.java:28)
	at models.CustomerModel.<init>(CustomerModel.java:19)
	at tests.CreateCustomersTest.automationTest(CreateCustomersTest.java:16)
	at java.base/jdk.internal.reflect.DirectMethodHandleAccessor.invoke(DirectMethodHandleAccessor.java:104)
	at java.base/java.lang.reflect.Method.invoke(Method.java:565)
	at org.testng.internal.invokers.MethodInvocationHelper.invokeMethod(MethodInvocationHelper.java:141)
	at org.testng.internal.invokers.TestInvoker.invokeMethod(TestInvoker.java:687)
	at org.testng.internal.invokers.TestInvoker.invokeTestMethod(TestInvoker.java:230)
	at org.testng.internal.invokers.MethodRunner.runInSequence(MethodRunner.java:63)
	at org.testng.internal.invokers.TestInvoker$MethodInvocationAgent.invoke(TestInvoker.java:995)
	at org.testng.internal.invokers.TestInvoker.invokeTestMethods(TestInvoker.java:203)
	at org.testng.internal.invokers.TestMethodWorker.invokeTestMethods(TestMethodWorker.java:154)
	at org.testng.internal.invokers.TestMethodWorker.run(TestMethodWorker.java:134)
	at java.base/java.util.ArrayList.forEach(ArrayList.java:1604)
	at org.testng.TestRunner.privateRun(TestRunner.java:741)
	at org.testng.TestRunner.run(TestRunner.java:616)
	at org.testng.SuiteRunner.runTest(SuiteRunner.java:421)
	at org.testng.SuiteRunner.runSequentially(SuiteRunner.java:413)
	at org.testng.SuiteRunner.privateRun(SuiteRunner.java:373)
	at org.testng.SuiteRunner.run(SuiteRunner.java:312)
	at org.testng.SuiteRunnerWorker.runSuite(SuiteRunnerWorker.java:52)
	at org.testng.SuiteRunnerWorker.run(SuiteRunnerWorker.java:95)
	at org.testng.TestNG.runSuitesSequentially(TestNG.java:1274)
	at org.testng.TestNG.runSuitesLocally(TestNG.java:1208)
	at org.testng.TestNG.runSuites(TestNG.java:1112)
	at org.testng.TestNG.run(TestNG.java:1079)
	at org.apache.maven.surefire.testng.TestNGExecutor.run(TestNGExecutor.java:155)
	at org.apache.maven.surefire.testng.TestNGDirectoryTestSuite.executeMulti(TestNGDirectoryTestSuite.java:169)
	at org.apache.maven.surefire.testng.TestNGDirectoryTestSuite.execute(TestNGDirectoryTestSuite.java:88)
	at org.apache.maven.surefire.testng.TestNGProvider.invoke(TestNGProvider.java:137)
	at org.apache.maven.surefire.booter.ForkedBooter.runSuitesInProcess(ForkedBooter.java:385)
	at org.apache.maven.surefire.booter.ForkedBooter.execute(ForkedBooter.java:162)
	at org.apache.maven.surefire.booter.ForkedBooter.run(ForkedBooter.java:507)
	at org.apache.maven.surefire.booter.ForkedBooter.main(ForkedBooter.java:495)
Caused by: java.io.FileNotFoundException: CustomersData.json (No such file or directory)
	at java.base/java.io.FileInputStream.open0(Native Method)
	at java.base/java.io.FileInputStream.open(FileInputStream.java:185)
	at java.base/java.io.FileInputStream.<init>(FileInputStream.java:139)
	at com.fasterxml.jackson.core.TokenStreamFactory._fileInputStream(TokenStreamFactory.java:328)
	at com.fasterxml.jackson.core.JsonFactory.createParser(JsonFactory.java:1238)
	at com.fasterxml.jackson.databind.ObjectReader.createParser(ObjectReader.java:1096)
	at com.fasterxml.jackson.databind.ObjectReader.readValue(ObjectReader.java:1676)
	at models.CustomerModel.loadFromJson(CustomerModel.java:26)
	... 33 more
]]></failure>
  </testcase>
  <testcase name="automationTest" classname="tests.CreateCustomerAccountsTest" time="2.048">
    <system-out><![CDATA[Customer added successfully with customer id :6
Account created successfully with account Number :1016
Account created successfully with account Number :1017
Account created successfully with account Number :1018
]]></system-out>
  </testcase>
</testsuite>