<?xml version="1.0" encoding="UTF-8"?>
<testng-results ignored="2" total="3" passed="1" failed="0" skipped="0">
  <reporter-output>
  </reporter-output>
  <suite started-at="2026-01-27T20:26:37 EET" name="ParallelSuite" finished-at="2026-01-27T20:26:41 EET" duration-ms="3923">
    <groups>
      <group name="@RegressionSuite">
        <method signature="CreateCustomerTest.automationTest()[pri:0, instance:tests.CreateCustomerTest@229d10bd]" name="automationTest" class="tests.CreateCustomerTest"/>
      </group> <!-- @RegressionSuite -->
      <group name="@AccountSuite">
        <method signature="CreateCustomerTest.automationTest()[pri:0, instance:tests.CreateCustomerTest@229d10bd]" name="automationTest" class="tests.CreateCustomerTest"/>
      </group> <!-- @AccountSuite -->
      <group name="@CustomerSuite">
        <method signature="CreateCustomerTest.automationTest()[pri:0, instance:tests.CreateCustomerTest@229d10bd]" name="automationTest" class="tests.CreateCustomerTest"/>
      </group> <!-- @CustomerSuite -->
    </groups>
    <test started-at="2026-01-27T20:26:37 EET" name="AllTests" finished-at="2026-01-27T20:26:41 EET" duration-ms="3923">
      <class name="tests.CreateCustomerTest">
        <test-method is-config="true" signature="prepareEnvironment()[pri:0, instance:tests.CreateCustomerTest@229d10bd]" started-at="2026-01-27T20:26:37 EET" name="prepareEnvironment" finished-at="2026-01-27T20:26:39 EET" duration-ms="2086" status="PASS">
          <reporter-output>
          </reporter-output>
        </test-method> <!-- prepareEnvironment -->
        <test-method signature="automationTest()[pri:0, instance:tests.CreateCustomerTest@229d10bd]" started-at="2026-01-27T20:26:39 EET" name="automationTest" finished-at="2026-01-27T20:26:40 EET" duration-ms="1734" status="PASS">
          <reporter-output>
          </reporter-output>
        </test-method> <!-- automationTest -->
        <test-method is-config="true" signature="clearEnvironment()[pri:0, instance:tests.CreateCustomerTest@229d10bd]" started-at="2026-01-27T20:26:40 EET" name="clearEnvironment" finished-at="2026-01-27T20:26:41 EET" duration-ms="90" status="PASS">
          <reporter-output>
          </reporter-output>
        </test-method> <!-- clearEnvironment -->
      </class> <!-- tests.CreateCustomerTest -->
    </test> <!-- AllTests -->
  </suite> <!-- ParallelSuite -->
</testng-results>
