<?xml version="1.0" encoding="UTF-8"?>
<testng-results ignored="0" total="3" passed="2" failed="1" skipped="0">
  <reporter-output>
  </reporter-output>
  <suite started-at="2026-01-15T20:38:19 EET" name="Surefire suite" finished-at="2026-01-15T20:38:29 EET" duration-ms="10380">
    <groups>
    </groups>
    <test started-at="2026-01-15T20:38:19 EET" name="Surefire test" finished-at="2026-01-15T20:38:29 EET" duration-ms="10380">
      <class name="tests.CreateCustomersTest">
        <test-method is-config="true" signature="prepareEnvironment()[pri:0, instance:tests.CreateCustomersTest@105fece7]" started-at="2026-01-15T20:38:23 EET" name="prepareEnvironment" finished-at="2026-01-15T20:38:25 EET" duration-ms="1766" status="PASS">
          <reporter-output>
          </reporter-output>
        </test-method> <!-- prepareEnvironment -->
        <test-method signature="automationTest()[pri:0, instance:tests.CreateCustomersTest@105fece7]" started-at="2026-01-15T20:38:25 EET" name="automationTest" finished-at="2026-01-15T20:38:25 EET" duration-ms="2" status="FAIL">
          <exception class="java.lang.RuntimeException">
            <message>
              <![CDATA[java.io.FileNotFoundException: CustomersData.json (No such file or directory)]]>
            </message>
            <full-stacktrace>
              <![CDATA[java.lang.RuntimeException: java.io.FileNotFoundException: CustomersData.json (No such file or directory)
at models.CustomerModel.loadFromJson(CustomerModel.java:28)
at models.CustomerModel.<init>(CustomerModel.java:19)
at tests.CreateCustomersTest.automationTest(CreateCustomersTest.java:16)
at java.base/jdk.internal.reflect.DirectMethodHandleAccessor.invoke(DirectMethodHandleAccessor.java:104)
at java.base/java.lang.reflect.Method.invoke(Method.java:565)
at org.testng.internal.invokers.MethodInvocationHelper.invokeMethod(MethodInvocationHelper.java:141)
at org.testng.internal.invokers.TestInvoker.invokeMethod(TestInvoker.java:687)
at org.testng.internal.invokers.TestInvoker.invokeTestMethod(TestInvoker.java:230)
at org.testng.internal.invokers.MethodRunner.runInSequence(MethodRunner.java:63)
at org.testng.internal.invokers.TestInvoker$MethodInvocationAgent.invoke(TestInvoker.java:995)
at org.testng.internal.invokers.TestInvoker.invokeTestMethods(TestInvoker.java:203)
at org.testng.internal.invokers.TestMethodWorker.invokeTestMethods(TestMethodWorker.java:154)
at org.testng.internal.invokers.TestMethodWorker.run(TestMethodWorker.java:134)
at java.base/java.util.ArrayList.forEach(ArrayList.java:1604)
at org.testng.TestRunner.privateRun(TestRunner.java:741)
at org.testng.TestRunner.run(TestRunner.java:616)
at org.testng.SuiteRunner.runTest(SuiteRunner.java:421)
at org.testng.SuiteRunner.runSequentially(SuiteRunner.java:413)
at org.testng.SuiteRunner.privateRun(SuiteRunner.java:373)
at org.testng.SuiteRunner.run(SuiteRunner.java:312)
at org.testng.SuiteRunnerWorker.runSuite(SuiteRunnerWorker.java:52)
at org.testng.SuiteRunnerWorker.run(SuiteRunnerWorker.java:95)
at org.testng.TestNG.runSuitesSequentially(TestNG.java:1274)
at org.testng.TestNG.runSuitesLocally(TestNG.java:1208)
at org.testng.TestNG.runSuites(TestNG.java:1112)
at org.testng.TestNG.run(TestNG.java:1079)
at org.apache.maven.surefire.testng.TestNGExecutor.run(TestNGExecutor.java:155)
at org.apache.maven.surefire.testng.TestNGDirectoryTestSuite.executeMulti(TestNGDirectoryTestSuite.java:169)
at org.apache.maven.surefire.testng.TestNGDirectoryTestSuite.execute(TestNGDirectoryTestSuite.java:88)
at org.apache.maven.surefire.testng.TestNGProvider.invoke(TestNGProvider.java:137)
at org.apache.maven.surefire.booter.ForkedBooter.runSuitesInProcess(ForkedBooter.java:385)
at org.apache.maven.surefire.booter.ForkedBooter.execute(ForkedBooter.java:162)
at org.apache.maven.surefire.booter.ForkedBooter.run(ForkedBooter.java:507)
at org.apache.maven.surefire.booter.ForkedBooter.main(ForkedBooter.java:495)
Caused by: java.io.FileNotFoundException: CustomersData.json (No such file or directory)
at java.base/java.io.FileInputStream.open0(Native Method)
at java.base/java.io.FileInputStream.open(FileInputStream.java:185)
at java.base/java.io.FileInputStream.<init>(FileInputStream.java:139)
at com.fasterxml.jackson.core.TokenStreamFactory._fileInputStream(TokenStreamFactory.java:328)
at com.fasterxml.jackson.core.JsonFactory.createParser(JsonFactory.java:1238)
at com.fasterxml.jackson.databind.ObjectReader.createParser(ObjectReader.java:1096)
at com.fasterxml.jackson.databind.ObjectReader.readValue(ObjectReader.java:1676)
at models.CustomerModel.loadFromJson(CustomerModel.java:26)
... 33 more
]]>
            </full-stacktrace>
          </exception> <!-- java.lang.RuntimeException -->
          <reporter-output>
          </reporter-output>
        </test-method> <!-- automationTest -->
        <test-method is-config="true" signature="clearEnvironment()[pri:0, instance:tests.CreateCustomersTest@105fece7]" started-at="2026-01-15T20:38:25 EET" name="clearEnvironment" finished-at="2026-01-15T20:38:25 EET" duration-ms="86" status="PASS">
          <reporter-output>
          </reporter-output>
        </test-method> <!-- clearEnvironment -->
      </class> <!-- tests.CreateCustomersTest -->
      <class name="tests.CreateCustomerTest">
        <test-method is-config="true" signature="prepareEnvironment()[pri:0, instance:tests.CreateCustomerTest@62e136d3]" started-at="2026-01-15T20:38:19 EET" name="prepareEnvironment" finished-at="2026-01-15T20:38:22 EET" duration-ms="2508" status="PASS">
          <reporter-output>
          </reporter-output>
        </test-method> <!-- prepareEnvironment -->
        <test-method signature="automationTest()[pri:0, instance:tests.CreateCustomerTest@62e136d3]" started-at="2026-01-15T20:38:22 EET" name="automationTest" finished-at="2026-01-15T20:38:23 EET" duration-ms="1544" status="PASS">
          <reporter-output>
          </reporter-output>
        </test-method> <!-- automationTest -->
        <test-method is-config="true" signature="clearEnvironment()[pri:0, instance:tests.CreateCustomerTest@62e136d3]" started-at="2026-01-15T20:38:23 EET" name="clearEnvironment" finished-at="2026-01-15T20:38:23 EET" duration-ms="88" status="PASS">
          <reporter-output>
          </reporter-output>
        </test-method> <!-- clearEnvironment -->
      </class> <!-- tests.CreateCustomerTest -->
      <class name="tests.CreateCustomerAccountsTest">
        <test-method is-config="true" signature="prepareEnvironment()[pri:0, instance:tests.CreateCustomerAccountsTest@3ec300f1]" started-at="2026-01-15T20:38:25 EET" name="prepareEnvironment" finished-at="2026-01-15T20:38:27 EET" duration-ms="2234" status="PASS">
          <reporter-output>
          </reporter-output>
        </test-method> <!-- prepareEnvironment -->
        <test-method signature="automationTest()[pri:0, instance:tests.CreateCustomerAccountsTest@3ec300f1]" started-at="2026-01-15T20:38:27 EET" name="automationTest" finished-at="2026-01-15T20:38:29 EET" duration-ms="2048" status="PASS">
          <reporter-output>
          </reporter-output>
        </test-method> <!-- automationTest -->
        <test-method is-config="true" signature="clearEnvironment()[pri:0, instance:tests.CreateCustomerAccountsTest@3ec300f1]" started-at="2026-01-15T20:38:29 EET" name="clearEnvironment" finished-at="2026-01-15T20:38:29 EET" duration-ms="89" status="PASS">
          <reporter-output>
          </reporter-output>
        </test-method> <!-- clearEnvironment -->
      </class> <!-- tests.CreateCustomerAccountsTest -->
    </test> <!-- Surefire test -->
  </suite> <!-- Surefire suite -->
</testng-results>
