<?xml version="1.0" encoding="UTF-8"?>
<testng-results ignored="0" total="3" passed="3" failed="0" skipped="0">
  <reporter-output>
  </reporter-output>
  <suite started-at="2026-01-27T18:57:35 EET" name="Surefire suite" finished-at="2026-01-27T18:57:51 EET" duration-ms="16455">
    <groups>
    </groups>
    <test started-at="2026-01-27T18:57:35 EET" name="Surefire test" finished-at="2026-01-27T18:57:51 EET" duration-ms="16455">
      <class name="tests.CreateCustomersTest">
        <test-method is-config="true" signature="prepareEnvironment()[pri:0, instance:tests.CreateCustomersTest@40e6dfe1]" started-at="2026-01-27T18:57:41 EET" name="prepareEnvironment" finished-at="2026-01-27T18:57:44 EET" duration-ms="2189" status="PASS">
          <reporter-output>
          </reporter-output>
        </test-method> <!-- prepareEnvironment -->
        <test-method signature="automationTest()[pri:0, instance:tests.CreateCustomersTest@40e6dfe1]" started-at="2026-01-27T18:57:44 EET" name="automationTest" finished-at="2026-01-27T18:57:45 EET" duration-ms="1850" status="PASS">
          <reporter-output>
          </reporter-output>
        </test-method> <!-- automationTest -->
        <test-method is-config="true" signature="clearEnvironment()[pri:0, instance:tests.CreateCustomersTest@40e6dfe1]" started-at="2026-01-27T18:57:45 EET" name="clearEnvironment" finished-at="2026-01-27T18:57:45 EET" duration-ms="88" status="PASS">
          <reporter-output>
          </reporter-output>
        </test-method> <!-- clearEnvironment -->
      </class> <!-- tests.CreateCustomersTest -->
      <class name="tests.CreateCustomerTest">
        <test-method is-config="true" signature="prepareEnvironment()[pri:0, instance:tests.CreateCustomerTest@51b7e5df]" started-at="2026-01-27T18:57:35 EET" name="prepareEnvironment" finished-at="2026-01-27T18:57:39 EET" duration-ms="4014" status="PASS">
          <reporter-output>
          </reporter-output>
        </test-method> <!-- prepareEnvironment -->
        <test-method signature="automationTest()[pri:0, instance:tests.CreateCustomerTest@51b7e5df]" started-at="2026-01-27T18:57:39 EET" name="automationTest" finished-at="2026-01-27T18:57:41 EET" duration-ms="2508" status="PASS">
          <reporter-output>
          </reporter-output>
        </test-method> <!-- automationTest -->
        <test-method is-config="true" signature="clearEnvironment()[pri:0, instance:tests.CreateCustomerTest@51b7e5df]" started-at="2026-01-27T18:57:41 EET" name="clearEnvironment" finished-at="2026-01-27T18:57:41 EET" duration-ms="91" status="PASS">
          <reporter-output>
          </reporter-output>
        </test-method> <!-- clearEnvironment -->
      </class> <!-- tests.CreateCustomerTest -->
      <class name="tests.CreateCustomerAccountsTest">
        <test-method is-config="true" signature="prepareEnvironment()[pri:0, instance:tests.CreateCustomerAccountsTest@1b083826]" started-at="2026-01-27T18:57:45 EET" name="prepareEnvironment" finished-at="2026-01-27T18:57:48 EET" duration-ms="2895" status="PASS">
          <reporter-output>
          </reporter-output>
        </test-method> <!-- prepareEnvironment -->
        <test-method signature="automationTest()[pri:0, instance:tests.CreateCustomerAccountsTest@1b083826]" started-at="2026-01-27T18:57:48 EET" name="automationTest" finished-at="2026-01-27T18:57:51 EET" duration-ms="2713" status="PASS">
          <reporter-output>
          </reporter-output>
        </test-method> <!-- automationTest -->
        <test-method is-config="true" signature="clearEnvironment()[pri:0, instance:tests.CreateCustomerAccountsTest@1b083826]" started-at="2026-01-27T18:57:51 EET" name="clearEnvironment" finished-at="2026-01-27T18:57:51 EET" duration-ms="91" status="PASS">
          <reporter-output>
          </reporter-output>
        </test-method> <!-- clearEnvironment -->
      </class> <!-- tests.CreateCustomerAccountsTest -->
    </test> <!-- Surefire test -->
  </suite> <!-- Surefire suite -->
</testng-results>
