<?xml version="1.0" encoding="UTF-8"?>
<testsuite xmlns:xsi="http://www.w3.org/2001/XMLSchema-instance" xsi:noNamespaceSchemaLocation="https://maven.apache.org/surefire/maven-surefire-plugin/xsd/surefire-test-report-3.0.xsd" version="3.0" name="TestSuite" time="4.876" tests="3" errors="0" skipped="0" failures="0">
  <properties>
[...]
</properties>
  <testcase name="automationTest" classname="tests.CreateCustomersTest" time="1.249">
    <system-out><![CDATA[19:31:53 [TestNG-test-AllTests-3] INFO  - ***** Execution started: CreateCustomerAccountsTest *****
19:31:53 [TestNG-test-AllTests-1] INFO  - ***** Execution started: CreateCustomerTest *****
19:31:53 [TestNG-test-AllTests-2] INFO  - ***** Execution started: CreateCustomersTest *****
19:31:54 [TestNG-test-AllTests-1] INFO  - The user clicked on bank manager button
19:31:54 [TestNG-test-AllTests-2] INFO  - The user clicked on bank manager button
19:31:54 [TestNG-test-AllTests-1] INFO  - The user clicked on create customer button
19:31:54 [TestNG-test-AllTests-2] INFO  - The user clicked on create customer button
Customer added successfully with customer id :6
19:31:54 [TestNG-test-AllTests-1] INFO  - The user fills first name field with value: Alex
19:31:54 [TestNG-test-AllTests-1] INFO  - The user fills last name field with value: Madalina
19:31:54 [TestNG-test-AllTests-1] INFO  - The user fills post code field with value: E10AB
19:31:54 [TestNG-test-AllTests-2] INFO  - The user fills first name field with value: Alex 1
19:31:54 [TestNG-test-AllTests-1] INFO  - The user clicks on submit button
Customer added successfully with customer id :6
19:31:54 [TestNG-test-AllTests-2] INFO  - The user fills last name field with value: Virlan 1
19:31:54 [TestNG-test-AllTests-2] INFO  - The user fills post code field with value: E10AA
19:31:54 [TestNG-test-AllTests-1] INFO  - The user accepts the alert with message: Customer added successfully with customer id :6
19:31:54 [TestNG-test-AllTests-2] INFO  - The user clicks on submit button
Customer added successfully with customer id :6
19:31:54 [TestNG-test-AllTests-2] INFO  - The user accepts the customer alert
19:31:54 [TestNG-test-AllTests-1] INFO  - The user clicks on Open Account button
19:31:54 [TestNG-test-AllTests-2] INFO  - The user fills first name field with value: Alex 2
19:31:54 [TestNG-test-AllTests-2] INFO  - The user fills last name field with value: Virlan 2
19:31:54 [TestNG-test-AllTests-2] INFO  - The user fills post code field with value: E10AB
19:31:54 [TestNG-test-AllTests-2] INFO  - The user clicks on submit button
Customer added successfully with customer id :7
19:31:54 [TestNG-test-AllTests-2] INFO  - The user accepts the customer alert
19:31:54 [TestNG-test-AllTests-2] INFO  - The user fills first name field with value: Alex 3
19:31:54 [TestNG-test-AllTests-2] INFO  - The user fills last name field with value: Virlan 3
Account created successfully with account Number :1016
19:31:54 [TestNG-test-AllTests-2] INFO  - The user fills post code field with value: E10AC
19:31:54 [TestNG-test-AllTests-2] INFO  - The user clicks on submit button
Customer added successfully with customer id :8
19:31:54 [TestNG-test-AllTests-2] INFO  - The user accepts the customer alert
]]></system-out>
    <system-err><![CDATA[SLF4J(W): No SLF4J providers were found.
SLF4J(W): Defaulting to no-operation (NOP) logger implementation
SLF4J(W): See https://www.slf4j.org/codes.html#noProviders for further details.
]]></system-err>
  </testcase>
  <testcase name="automationTest" classname="tests.CreateCustomerAccountsTest" time="1.75">
    <system-out><![CDATA[19:31:54 [TestNG-test-AllTests-2] INFO  - ***** Execution finished: CreateCustomersTest *****
Account created successfully with account Number :1017
19:31:54 [TestNG-test-AllTests-1] INFO  - The user selects Alex Madalina value from drop down
19:31:55 [TestNG-test-AllTests-1] INFO  - The user selects Dollar value from drop down
19:31:55 [TestNG-test-AllTests-1] INFO  - The user clicks on process button
Account created successfully with account Number :1016
19:31:55 [TestNG-test-AllTests-1] INFO  - The user accepts the account creation alert
Account created successfully with account Number :1018
19:31:55 [TestNG-test-AllTests-1] INFO  - The user clicks on Customers page
]]></system-out>
  </testcase>
  <testcase name="automationTest" classname="tests.CreateCustomerTest" time="1.828">
    <system-out><![CDATA[19:31:55 [TestNG-test-AllTests-1] INFO  - The user clicks on search customer
19:31:55 [TestNG-test-AllTests-1] INFO  - The user fills search field with value: Alex
19:31:55 [TestNG-test-AllTests-1] INFO  - The user validates the presence of Alex into the table
19:31:55 [TestNG-test-AllTests-1] INFO  - The user validates the presence of Madalina into the table
19:31:55 [TestNG-test-AllTests-1] INFO  - The user validates the presence of E10AB into the table
19:31:55 [TestNG-test-AllTests-1] INFO  - The user deletes the customer
]]></system-out>
  </testcase>
</testsuite>