<?xml version="1.0" encoding="UTF-8"?>
<!-- Generated by org.testng.reporters.JUnitXMLReporter -->
<testsuite ignored="0" hostname="Dorhas-MacBook-Pro.local" failures="0" tests="3" name="AllTests" time="4.734" errors="0" timestamp="2026-01-27T19:31:55 EET">
  <testcase classname="tests.CreateCustomersTest" name="automationTest" time="1.248"/>
  <testcase classname="tests.CreateCustomerAccountsTest" name="automationTest" time="1.996"/>
  <testcase classname="tests.CreateCustomerTest" name="automationTest" time="1.859"/>
</testsuite> <!-- AllTests -->
