<?xml version="1.0" encoding="UTF-8"?>
<!-- Generated by org.testng.reporters.JUnitXMLReporter -->
<testsuite ignored="2" hostname="Dorhas-MacBook-Pro.local" failures="0" tests="1" name="AllTests" time="3.923" errors="0" timestamp="2026-01-27T20:26:41 EET">
  <testcase classname="tests.CreateCustomerTest" name="automationTest" time="1.734"/>
  <testcase classname="tests.CreateCustomerAccountsTest" name="automationTest" time="0.0">
    <ignored/>
  </testcase> <!-- automationTest -->
  <testcase classname="tests.CreateCustomersTest" name="automationTest" time="0.0">
    <ignored/>
  </testcase> <!-- automationTest -->
</testsuite> <!-- AllTests -->
